{
  "RSpec": {
    "coverage": {
      "/Users/christian/Documents/ruby/rails/railstutorial.org/sample_app/config/environment.rb": [
        null,
        1,
        null,
        null,
        1
      ],
      "/Users/christian/Documents/ruby/rails/railstutorial.org/sample_app/config/application.rb": [
        1,
        null,
        null,
        1,
        1,
        1,
        1,
        1,
        null,
        null,
        1,
        null,
        1,
        null,
        null,
        null,
        null,
        1,
        1,
        null,
        null,
        null,
        null,
        null,
        null,
        null,
        null,
        null,
        null,
        null,
        null,
        null,
        null,
        null,
        null,
        null,
        null,
        null,
        null,
        null,
        null,
        null,
        1,
        null,
        null,
        1,
        null,
        null,
        1,
        null,
        null,
        null,
        null,
        null,
        null,
        null,
        null,
        null,
        null,
        1,
        null,
        null,
        1,
        null,
        null,
        1,
        null,
        null
      ],
      "/Users/christian/Documents/ruby/rails/railstutorial.org/sample_app/config/boot.rb": [
        1,
        null,
        null,
        1,
        null,
        1
      ],
      "/Users/christian/Documents/ruby/rails/railstutorial.org/sample_app/config/environments/test.rb": [
        1,
        null,
        null,
        null,
        null,
        null,
        null,
        1,
        null,
        null,
        1,
        1,
        null,
        null,
        1,
        null,
        null,
        1,
        1,
        null,
        null,
        1,
        null,
        null,
        1,
        null,
        null,
        null,
        null,
        1,
        null,
        null,
        1,
        null,
        null,
        1,
        null,
        null,
        1,
        1,
        1,
        null,
        null
      ],
      "/Users/christian/Documents/ruby/rails/railstutorial.org/sample_app/config/initializers/backtrace_silencers.rb": [
        null,
        null,
        null,
        null,
        null,
        null,
        null
      ],
      "/Users/christian/Documents/ruby/rails/railstutorial.org/sample_app/config/initializers/inflections.rb": [
        null,
        null,
        null,
        null,
        null,
        null,
        null,
        null,
        null,
        null,
        null,
        null,
        null,
        null,
        null
      ],
      "/Users/christian/Documents/ruby/rails/railstutorial.org/sample_app/config/initializers/mime_types.rb": [
        null,
        null,
        null,
        null,
        null
      ],
      "/Users/christian/Documents/ruby/rails/railstutorial.org/sample_app/config/initializers/secret_token.rb": [
        null,
        null,
        null,
        null,
        null,
        null,
        1
      ],
      "/Users/christian/Documents/ruby/rails/railstutorial.org/sample_app/config/initializers/session_store.rb": [
        null,
        null,
        1,
        null,
        null,
        null,
        null,
        null
      ],
      "/Users/christian/Documents/ruby/rails/railstutorial.org/sample_app/config/initializers/wrap_parameters.rb": [
        null,
        null,
        null,
        null,
        null,
        null,
        1,
        1,
        null,
        null,
        null,
        1,
        1,
        null
      ],
      "/Users/christian/Documents/ruby/rails/railstutorial.org/sample_app/app/controllers/application_controller.rb": [
        1,
        1,
        1,
        null,
        null,
        1,
        0,
        0,
        null,
        null
      ],
      "/Users/christian/Documents/ruby/rails/railstutorial.org/sample_app/app/helpers/application_helper.rb": [
        1,
        null,
        null,
        1,
        247,
        247,
        84,
        null,
        163,
        null,
        null,
        null,
        null
      ],
      "/Users/christian/Documents/ruby/rails/railstutorial.org/sample_app/app/helpers/sessions_helper.rb": [
        1,
        null,
        1,
        65,
        65,
        null,
        null,
        1,
        562,
        null,
        null,
        1,
        68,
        null,
        null,
        1,
        1671,
        null,
        null,
        1,
        213,
        null,
        null,
        1,
        62,
        10,
        10,
        null,
        null,
        null,
        1,
        3,
        3,
        null,
        null,
        1,
        56,
        56,
        null,
        null,
        1,
        10,
        null,
        null,
        null
      ],
      "/Users/christian/Documents/ruby/rails/railstutorial.org/sample_app/app/helpers/static_pages_helper.rb": [
        1,
        null
      ],
      "/Users/christian/Documents/ruby/rails/railstutorial.org/sample_app/app/helpers/users_helper.rb": [
        1,
        null,
        null,
        1,
        379,
        379,
        379,
        379,
        379,
        null,
        null,
        null
      ],
      "/Users/christian/Documents/ruby/rails/railstutorial.org/sample_app/app/controllers/microposts_controller.rb": [
        1,
        1,
        1,
        null,
        1,
        2,
        2,
        2,
        2,
        null,
        null,
        null,
        1,
        3,
        3,
        1,
        1,
        null,
        2,
        2,
        null,
        null,
        null,
        1,
        1,
        1,
        null,
        null,
        1,
        null,
        1,
        1,
        1,
        null,
        null
      ],
      "/Users/christian/Documents/ruby/rails/railstutorial.org/sample_app/app/models/micropost.rb": [
        null,
        null,
        null,
        null,
        null,
        null,
        null,
        null,
        null,
        null,
        null,
        1,
        1,
        1,
        null,
        1,
        1,
        null,
        1,
        null,
        1,
        72,
        null,
        72,
        null,
        null,
        null
      ],
      "/Users/christian/Documents/ruby/rails/railstutorial.org/sample_app/app/controllers/relationships_controller.rb": [
        1,
        1,
        null,
        1,
        5,
        5,
        5,
        8,
        5,
        null,
        null,
        null,
        1,
        5,
        5,
        5,
        8,
        5,
        null,
        null,
        null
      ],
      "/Users/christian/Documents/ruby/rails/railstutorial.org/sample_app/app/models/relationship.rb": [
        null,
        null,
        null,
        null,
        null,
        null,
        null,
        null,
        null,
        null,
        null,
        1,
        1,
        null,
        1,
        1,
        null,
        1,
        1,
        null
      ],
      "/Users/christian/Documents/ruby/rails/railstutorial.org/sample_app/app/controllers/sessions_controller.rb": [
        1,
        null,
        1,
        null,
        null,
        1,
        59,
        59,
        56,
        56,
        null,
        3,
        3,
        null,
        null,
        null,
        1,
        3,
        3,
        null,
        null,
        null
      ],
      "/Users/christian/Documents/ruby/rails/railstutorial.org/sample_app/app/controllers/static_pages_controller.rb": [
        1,
        1,
        77,
        67,
        67,
        null,
        null,
        null,
        1,
        null,
        null,
        1,
        null,
        null,
        1,
        null,
        null
      ],
      "/Users/christian/Documents/ruby/rails/railstutorial.org/sample_app/app/controllers/users_controller.rb": [
        1,
        1,
        null,
        1,
        1,
        null,
        1,
        12,
        null,
        null,
        1,
        32,
        32,
        null,
        null,
        1,
        9,
        null,
        null,
        1,
        7,
        7,
        4,
        4,
        4,
        null,
        3,
        null,
        null,
        null,
        1,
        null,
        null,
        1,
        6,
        5,
        5,
        5,
        null,
        1,
        null,
        null,
        null,
        1,
        1,
        1,
        1,
        null,
        null,
        1,
        3,
        3,
        3,
        3,
        null,
        null,
        1,
        3,
        3,
        3,
        3,
        null,
        null,
        1,
        null,
        1,
        18,
        18,
        null,
        null,
        1,
        2,
        null,
        null
      ],
      "/Users/christian/Documents/ruby/rails/railstutorial.org/sample_app/app/models/user.rb": [
        null,
        null,
        null,
        null,
        null,
        null,
        null,
        null,
        null,
        null,
        null,
        null,
        null,
        null,
        1,
        1,
        1,
        1,
        1,
        1,
        1,
        null,
        1,
        null,
        180,
        1,
        null,
        1,
        1,
        1,
        null,
        1,
        1,
        201,
        null,
        1,
        72,
        null,
        null,
        1,
        14,
        null,
        null,
        1,
        27,
        null,
        null,
        1,
        7,
        null,
        null,
        1,
        null,
        1,
        179,
        null,
        null
      ],
      "/Users/christian/Documents/ruby/rails/railstutorial.org/sample_app/config/routes.rb": [
        1,
        1,
        1,
        1,
        null,
        null,
        1,
        1,
        1,
        null,
        1,
        1,
        1,
        null,
        1,
        1,
        1,
        null,
        null,
        null,
        null,
        null,
        null,
        null,
        null,
        null,
        null,
        null,
        null,
        null,
        null,
        null,
        null,
        null,
        null,
        null,
        null,
        null,
        null,
        null,
        null,
        null,
        null,
        null,
        null,
        null,
        null,
        null,
        null,
        null,
        null,
        null,
        null,
        null,
        null,
        null,
        null,
        null,
        null,
        null,
        null,
        null,
        null,
        null,
        null,
        null,
        null,
        1,
        null,
        null,
        null,
        null,
        null,
        null,
        null
      ]
    },
    "timestamp": 1395754855
  }
}
